빌드 시작: 2022-06-05 오후 4:54:14
     1>2 노드의 "C:\Users\geyd6\Desktop\xdrawer-cpp\XDrawer\XDrawer.vcxproj" 프로젝트(Build 대상)입니다.
     1>ClCompile:
         C:\Program Files (x86)\Microsoft Visual Studio 11.0\VC\bin\CL.exe /c /ZI /nologo /W3 /WX- /sdl /Od /Oy- /D WIN32 /D _WINDOWS /D _DEBUG /D _UNICODE /D UNICODE /D _AFXDLL /Gm /EHsc /RTC1 /MDd /GS /fp:precise /Zc:wchar_t /Zc:forScope /Yu"stdafx.h" /Fp"Debug\XDrawer.pch" /Fo"Debug\\" /Fd"Debug\vc110.pdb" /Gd /TP /analyze- /errorReport:prompt Box.cpp Bubble.cpp Circle.cpp CompositeFigure.cpp Diamond.cpp Figure.cpp FigureList.cpp FigurePopup.cpp KIte3.cpp Kite1.cpp Kite2.cpp Line.cpp MainPopup.cpp ModalDialog.cpp OnePointFigure.cpp Popup.cpp TwoPointFigure.cpp UFO.cpp X.cpp XDrawerDoc.cpp XDrawerView.cpp
         Box.cpp
         코드를 생성하고 있습니다...
         컴파일하고 있습니다...
         Bubble.cpp
         코드를 생성하고 있습니다...
         컴파일하고 있습니다...
         CompositeFigure.cpp
         코드를 생성하고 있습니다...
         컴파일하고 있습니다...
         Figure.cpp
         코드를 생성하고 있습니다...
         컴파일하고 있습니다...
         KIte3.cpp
         코드를 생성하고 있습니다...
         컴파일하고 있습니다...
         Kite1.cpp
         코드를 생성하고 있습니다...
         컴파일하고 있습니다...
         Kite2.cpp
         코드를 생성하고 있습니다...
         컴파일하고 있습니다...
         ModalDialog.cpp
         코드를 생성하고 있습니다...
         건너뛰고 있습니다... (관련된 변경 내용 없음)
         TwoPointFigure.cpp
         Diamond.cpp
         Circle.cpp
         OnePointFigure.cpp
         XDrawerDoc.cpp
         FigureList.cpp
         Popup.cpp
         MainPopup.cpp
         FigurePopup.cpp
         Line.cpp
         XDrawerView.cpp
         X.cpp
         UFO.cpp
       Link:
         C:\Program Files (x86)\Microsoft Visual Studio 11.0\VC\bin\link.exe /ERRORREPORT:PROMPT /OUT:"C:\Users\geyd6\Desktop\xdrawer-cpp\Debug\XDrawer.exe" /INCREMENTAL /NOLOGO /MANIFEST /MANIFESTUAC:"level='asInvoker' uiAccess='false'" /manifest:embed /manifestinput:"C:\Program Files (x86)\Microsoft Visual Studio 11.0\VC\Include\Manifest\dpiaware.manifest" /DEBUG /PDB:"C:\Users\geyd6\Desktop\xdrawer-cpp\Debug\XDrawer.pdb" /SUBSYSTEM:WINDOWS /TLBID:1 /ENTRY:"wWinMainCRTStartup" /DYNAMICBASE /NXCOMPAT /IMPLIB:"C:\Users\geyd6\Desktop\xdrawer-cpp\Debug\XDrawer.lib" /MACHINE:X86 Debug\XDrawer.res
         Debug\Box.obj
         Debug\Bubble.obj
         Debug\Circle.obj
         Debug\ClassView.obj
         Debug\CompositeFigure.obj
         Debug\Diamond.obj
         Debug\Figure.obj
         Debug\FigureList.obj
         Debug\FigurePopup.obj
         Debug\FileView.obj
         Debug\Kite1.obj
         Debug\Kite2.obj
         Debug\KIte3.obj
         Debug\Line.obj
         Debug\MainFrm.obj
         Debug\MainPopup.obj
         Debug\ModalDialog.obj
         Debug\OnePointFigure.obj
         Debug\OutputWnd.obj
         Debug\Popup.obj
         Debug\PropertiesWnd.obj
         Debug\stdafx.obj
         Debug\TwoPointFigure.obj
         Debug\UFO.obj
         Debug\ViewTree.obj
         Debug\X.obj
         Debug\XDrawer.obj
         Debug\XDrawerDoc.obj
         Debug\XDrawerView.obj
         XDrawer.vcxproj -> C:\Users\geyd6\Desktop\xdrawer-cpp\Debug\XDrawer.exe
     1>"C:\Users\geyd6\Desktop\xdrawer-cpp\XDrawer\XDrawer.vcxproj" 프로젝트를 빌드했습니다(Build 대상).

빌드했습니다.

경과 시간: 00:00:02.16
